Using pre-set license
Desktop is 1366 x 768 @ 60 Hz

 COMMAND LINE ARGUMENTS:
Unity
-adb2
-batchMode
-noUpm
-name
AssetImportWorker0
-projectPath
/home/miguel/Documentos/Programas/Unity/Space Mission
-logFile
Logs/AssetImportWorker0.log
-srvPort
43209
Successfully changed project path to: /home/miguel/Documentos/Programas/Unity/Space Mission
/home/miguel/Documentos/Programas/Unity/Space Mission
Using Asset Import Pipeline V2.
Refreshing native plugins compatible for Editor in 74,76 ms, found 1 plugins.
Preloading 0 native plugins for Editor in 0,00 ms.
Initialize engine version: 2020.3.10f1 (297d780c91bc)
[Subsystems] Discovering subsystems at path /home/miguel/Unity/Hub/Editor/2020.3.10f1/Editor/Data/Resources/UnitySubsystems
[Subsystems] Discovering subsystems at path /home/miguel/Documentos/Programas/Unity/Space Mission/Assets
GLX Extensions: GLX_ARB_create_context GLX_ARB_create_context_no_error GLX_ARB_create_context_profile GLX_ARB_create_context_robustness GLX_ARB_fbconfig_float GLX_ARB_framebuffer_sRGB GLX_ARB_get_proc_address GLX_ARB_multisample GLX_EXT_buffer_age GLX_EXT_create_context_es2_profile GLX_EXT_create_context_es_profile GLX_EXT_fbconfig_packed_float GLX_EXT_framebuffer_sRGB GLX_EXT_import_context GLX_EXT_texture_from_pixmap GLX_EXT_visual_info GLX_EXT_visual_rating GLX_INTEL_swap_event GLX_MESA_copy_sub_buffer GLX_MESA_query_renderer GLX_MESA_swap_control GLX_OML_swap_method GLX_OML_sync_control GLX_SGIS_multisample GLX_SGIX_fbconfig GLX_SGIX_pbuffer GLX_SGIX_visual_select_group GLX_SGI_make_current_read GLX_SGI_swap_control GLX_SGI_video_sync 
Renderer: Mesa DRI Intel(R) HD Graphics 3000 (SNB GT2)
Vendor:   Intel Open Source Technology Center
Version:  3.3 (Core Profile) Mesa 20.2.6
GLES:     0
 GL_3DFX_texture_compression_FXT1 GL_AMD_draw_buffers_blend GL_AMD_seamless_cubemap_per_texture GL_AMD_shader_trinary_minmax GL_AMD_texture_texture4 GL_AMD_vertex_shader_layer GL_AMD_vertex_shader_viewport_index GL_ANGLE_texture_compression_dxt3 GL_ANGLE_texture_compression_dxt5 GL_APPLE_object_purgeable GL_ARB_ES2_compatibility GL_ARB_ES3_compatibility GL_ARB_arrays_of_arrays GL_ARB_base_instance GL_ARB_blend_func_extended GL_ARB_buffer_storage GL_ARB_clear_buffer_object GL_ARB_clear_texture GL_ARB_clip_control GL_ARB_compressed_texture_pixel_storage GL_ARB_conditional_render_inverted GL_ARB_copy_buffer GL_ARB_copy_image GL_ARB_cull_distance GL_ARB_debug_output GL_ARB_depth_buffer_float GL_ARB_depth_clamp GL_ARB_direct_state_access GL_ARB_draw_buffers GL_ARB_draw_buffers_blend GL_ARB_draw_elements_base_vertex GL_ARB_draw_instanced GL_ARB_enhanced_layouts GL_ARB_explicit_attrib_location GL_ARB_explicit_uniform_location GL_ARB_fragment_coord_conventions GL_ARB_fragment_layer_viewport GL_ARB_fragment_shader GL
_ARB_framebuffer_object GL_ARB_framebuffer_sRGB GL_ARB_get_program_binary GL_ARB_get_texture_sub_image GL_ARB_half_float_pixel GL_ARB_half_float_vertex GL_ARB_instanced_arrays GL_ARB_internalformat_query GL_ARB_internalformat_query2 GL_ARB_invalidate_subdata GL_ARB_map_buffer_alignment GL_ARB_map_buffer_range GL_ARB_multi_bind GL_ARB_occlusion_query2 GL_ARB_parallel_shader_compile GL_ARB_pipeline_statistics_query GL_ARB_pixel_buffer_object GL_ARB_point_sprite GL_ARB_polygon_offset_clamp GL_ARB_program_interface_query GL_ARB_provoking_vertex GL_ARB_robustness GL_ARB_sample_shading GL_ARB_sampler_objects GL_ARB_seamless_cube_map GL_ARB_seamless_cubemap_per_texture GL_ARB_separate_shader_objects GL_ARB_shader_bit_encoding GL_ARB_shader_draw_parameters GL_ARB_shader_group_vote GL_ARB_shader_objects GL_ARB_shader_subroutine GL_ARB_shader_texture_lod GL_ARB_shader_viewport_layer_array GL_ARB_shading_language_420pack GL_ARB_shading_language_include GL_ARB_shading_language_packing GL_ARB_sync GL_ARB_texture_barrier 
GL_ARB_texture_buffer_object GL_ARB_texture_buffer_object_rgb32 GL_ARB_texture_buffer_range GL_ARB_texture_compression_rgtc GL_ARB_texture_cube_map_array GL_ARB_texture_filter_anisotropic GL_ARB_texture_float GL_ARB_texture_gather GL_ARB_texture_mirror_clamp_to_edge GL_ARB_texture_multisample GL_ARB_texture_non_power_of_two GL_ARB_texture_query_levels GL_ARB_texture_query_lod GL_ARB_texture_rectangle GL_ARB_texture_rg GL_ARB_texture_rgb10_a2ui GL_ARB_texture_storage GL_ARB_texture_storage_multisample GL_ARB_texture_swizzle GL_ARB_timer_query GL_ARB_transform_feedback2 GL_ARB_transform_feedback_overflow_query GL_ARB_uniform_buffer_object GL_ARB_vertex_array_bgra GL_ARB_vertex_array_object GL_ARB_vertex_attrib_binding GL_ARB_vertex_buffer_object GL_ARB_vertex_shader GL_ARB_vertex_type_10f_11f_11f_rev GL_ARB_vertex_type_2_10_10_10_rev GL_ARB_viewport_array GL_ATI_blend_equation_separate GL_ATI_texture_float GL_EXT_EGL_image_storage GL_EXT_EGL_sync GL_EXT_abgr GL_EXT_blend_equation_separate GL_EXT_demote_to_help
er_invocation GL_EXT_draw_buffers2 GL_EXT_draw_instanced GL_EXT_framebuffer_blit GL_EXT_framebuffer_multisample GL_EXT_framebuffer_multisample_blit_scaled GL_EXT_framebuffer_object GL_EXT_framebuffer_sRGB GL_EXT_packed_depth_stencil GL_EXT_packed_float GL_EXT_pixel_buffer_object GL_EXT_polygon_offset_clamp GL_EXT_provoking_vertex GL_EXT_shader_framebuffer_fetch_non_coherent GL_EXT_shader_integer_mix GL_EXT_texture_array GL_EXT_texture_compression_dxt1 GL_EXT_texture_compression_rgtc GL_EXT_texture_compression_s3tc GL_EXT_texture_filter_anisotropic GL_EXT_texture_integer GL_EXT_texture_sRGB GL_EXT_texture_sRGB_R8 GL_EXT_texture_sRGB_decode GL_EXT_texture_shadow_lod GL_EXT_texture_shared_exponent GL_EXT_texture_snorm GL_EXT_texture_swizzle GL_EXT_timer_query GL_EXT_transform_feedback GL_EXT_vertex_array_bgra GL_IBM_multimode_draw_arrays GL_INTEL_blackhole_render GL_INTEL_performance_query GL_KHR_blend_equation_advanced GL_KHR_context_flush_control GL_KHR_debug GL_KHR_no_error GL_KHR_parallel_shader_compile GL_
KHR_robustness GL_MESA_pack_invert GL_MESA_shader_integer_functions GL_MESA_texture_signed_rgba GL_NV_conditional_render GL_NV_depth_clamp GL_NV_packed_depth_stencil GL_NV_texture_barrier GL_OES_EGL_image GL_S3_s3tc
OPENGL LOG: Creating OpenGL 3.3 graphics device ; Context level  <OpenGL 3.3> ; Context handle -1931829360
Initialize mono
Mono path[0] = '/home/miguel/Unity/Hub/Editor/2020.3.10f1/Editor/Data/Managed'
Mono path[1] = '/home/miguel/Unity/Hub/Editor/2020.3.10f1/Editor/Data/MonoBleedingEdge/lib/mono/unityjit'
Mono config path = '/home/miguel/Unity/Hub/Editor/2020.3.10f1/Editor/Data/MonoBleedingEdge/etc'
Using monoOptions --debugger-agent=transport=dt_socket,embedding=1,server=y,suspend=n,address=127.0.0.1:56332
Begin MonoManager ReloadAssembly
Registering precompiled unity dll's ...
Register platform support module: /home/miguel/Unity/Hub/Editor/2020.3.10f1/Editor/Data/PlaybackEngines/WindowsStandaloneSupport/UnityEditor.WindowsStandalone.Extensions.dll
Register platform support module: /home/miguel/Unity/Hub/Editor/2020.3.10f1/Editor/Data/PlaybackEngines/LinuxStandaloneSupport/UnityEditor.LinuxStandalone.Extensions.dll
Registered in 0,002156 seconds.
Native extension for LinuxStandalone target not found
Native extension for WindowsStandalone target not found
Refreshing native plugins compatible for Editor in 70,18 ms, found 1 plugins.
Preloading 0 native plugins for Editor in 0,00 ms.
Mono: successfully reloaded assembly
- Completed reload, in  2,324 seconds
Platform modules already initialized, skipping
Registering precompiled user dll's ...
Registered in 0,004083 seconds.
Begin MonoManager ReloadAssembly
Native extension for LinuxStandalone target not found
Native extension for WindowsStandalone target not found
Refreshing native plugins compatible for Editor in 64,35 ms, found 1 plugins.
Preloading 0 native plugins for Editor in 0,00 ms.
Mono: successfully reloaded assembly
- Completed reload, in  1,682 seconds
Platform modules already initialized, skipping
========================================================================
Worker process is ready to serve import requests
Launched and connected shader compiler UnityShaderCompiler after 0.01 seconds
Refreshing native plugins compatible for Editor in 0,60 ms, found 1 plugins.
Preloading 0 native plugins for Editor in 0,00 ms.
Unloading 2096 Unused Serialized files (Serialized files now loaded: 0)
System memory in use before: 87,6 MB.
System memory in use after: 87,6 MB.

Unloading 32 unused Assets to reduce memory usage. Loaded Objects now: 2531.
Total: 4,398768 ms (FindLiveObjects: 0,263725 ms CreateObjectMapping: 0,106601 ms MarkObjects: 3,645600 ms  DeleteObjects: 0,380508 ms)

========================================================================
Received Import Request.
  path: Assets/Scenes/Ajustes.unity
  artifactKey: Guid(a11ddab12f02ee9d4b166792c9263099) Importer(815301076,1909f56bfc062723c751e8b465ee728b)
Start importing Assets/Scenes/Ajustes.unity using Guid(a11ddab12f02ee9d4b166792c9263099) Importer(815301076,1909f56bfc062723c751e8b465ee728b)  -> (artifact id: '33aaf3e829c2351f72414fd5affead64') in 0,036350 seconds
  Import took 0,041758 seconds .

========================================================================
Received Prepare
Refreshing native plugins compatible for Editor in 5,85 ms, found 1 plugins.
Preloading 0 native plugins for Editor in 0,00 ms.
Unloading 19 Unused Serialized files (Serialized files now loaded: 0)
System memory in use before: 46,3 MB.
System memory in use after: 46,3 MB.

Unloading 19 unused Assets to reduce memory usage. Loaded Objects now: 2531.
Total: 5,363204 ms (FindLiveObjects: 0,462900 ms CreateObjectMapping: 0,170326 ms MarkObjects: 4,544886 ms  DeleteObjects: 0,183408 ms)

========================================================================
Received Import Request.
  Time since last request: 70,085288 seconds.
  path: Assets/Scenes/Ajustes.unity
  artifactKey: Guid(a11ddab12f02ee9d4b166792c9263099) Importer(815301076,1909f56bfc062723c751e8b465ee728b)
Start importing Assets/Scenes/Ajustes.unity using Guid(a11ddab12f02ee9d4b166792c9263099) Importer(815301076,1909f56bfc062723c751e8b465ee728b)  -> (artifact id: '70160fd2c4a149149619e4d20359b8b8') in 0,002956 seconds
  Import took 0,009734 seconds .

========================================================================
Received Import Request.
  Time since last request: 30,330300 seconds.
  path: Assets/Sprites/balas.png
  artifactKey: Guid(25306625b1eb0571699a8e394bffb4fc) Importer(815301076,1909f56bfc062723c751e8b465ee728b)
Start importing Assets/Sprites/balas.png using Guid(25306625b1eb0571699a8e394bffb4fc) Importer(815301076,1909f56bfc062723c751e8b465ee728b)  -> (artifact id: '1a1d448f834f86f3fe374bd5642db634') in 0,138955 seconds
  Import took 0,144198 seconds .

========================================================================
Received Import Request.
  Time since last request: 0,000336 seconds.
  path: Assets/Sprites/transparencia.png
  artifactKey: Guid(fabbab3c4db46cef9b2b58bf7c0e08a9) Importer(815301076,1909f56bfc062723c751e8b465ee728b)
Start importing Assets/Sprites/transparencia.png using Guid(fabbab3c4db46cef9b2b58bf7c0e08a9) Importer(815301076,1909f56bfc062723c751e8b465ee728b)  -> (artifact id: 'ce14b9097dd4023782d89095f7c9623d') in 0,038246 seconds
  Import took 0,043905 seconds .

========================================================================
Received Import Request.
  Time since last request: 0,000261 seconds.
  path: Assets/Sprites/estrellas.png
  artifactKey: Guid(00382bcbb4ff627eeb490db9b6e5af0a) Importer(815301076,1909f56bfc062723c751e8b465ee728b)
Start importing Assets/Sprites/estrellas.png using Guid(00382bcbb4ff627eeb490db9b6e5af0a) Importer(815301076,1909f56bfc062723c751e8b465ee728b)  -> (artifact id: '232aa0ba4ff38d7d9809338525b34a85') in 0,049971 seconds
  Import took 0,054977 seconds .

========================================================================
Received Import Request.
  Time since last request: 0,000262 seconds.
  path: Assets/Sprites/meteoritos2.png
  artifactKey: Guid(40a58a138a7ae528696ac9cad89545de) Importer(815301076,1909f56bfc062723c751e8b465ee728b)
Start importing Assets/Sprites/meteoritos2.png using Guid(40a58a138a7ae528696ac9cad89545de) Importer(815301076,1909f56bfc062723c751e8b465ee728b)  -> (artifact id: 'e63a331847b684e17180e02428651b38') in 0,020838 seconds
  Import took 0,026785 seconds .

========================================================================
Received Import Request.
  Time since last request: 0,000258 seconds.
  path: Assets/Sprites/vacio.png
  artifactKey: Guid(02e1177ff29a99aa3ba7b8fa45850600) Importer(815301076,1909f56bfc062723c751e8b465ee728b)
Start importing Assets/Sprites/vacio.png using Guid(02e1177ff29a99aa3ba7b8fa45850600) Importer(815301076,1909f56bfc062723c751e8b465ee728b)  -> (artifact id: 'd1aabefc11c6c474cc264645458ce8aa') in 0,008895 seconds
  Import took 0,013785 seconds .

========================================================================
Received Import Request.
  Time since last request: 0,000235 seconds.
  path: Assets/Sprites/nave.png
  artifactKey: Guid(3fef918b96a1a7defba9a956b3700b29) Importer(815301076,1909f56bfc062723c751e8b465ee728b)
Start importing Assets/Sprites/nave.png using Guid(3fef918b96a1a7defba9a956b3700b29) Importer(815301076,1909f56bfc062723c751e8b465ee728b)  -> (artifact id: '361980ed0bce9eaf70c8af02c7f5b3bf') in 0,007215 seconds
  Import took 0,013071 seconds .

AssetImportWorkerClient::OnTransportError - code=2 error=End of file
